0 info it worked if it ends with ok
1 verbose cli [ 'C:\\Program Files\\nodejs\\node.exe',
1 verbose cli   'C:\\Program Files\\nodejs\\node_modules\\npm\\bin\\npm-cli.js',
1 verbose cli   'run',
1 verbose cli   'dev' ]
2 info using npm@3.10.10
3 info using node@v6.10.3
4 verbose run-script [ 'predev', 'dev', 'postdev' ]
5 info lifecycle webpackcss@1.0.0~predev: webpackcss@1.0.0
6 silly lifecycle webpackcss@1.0.0~predev: no script for predev, continuing
7 info lifecycle webpackcss@1.0.0~dev: webpackcss@1.0.0
8 verbose lifecycle webpackcss@1.0.0~dev: unsafe-perm in lifecycle true
9 verbose lifecycle webpackcss@1.0.0~dev: PATH: C:\Program Files\nodejs\node_modules\npm\bin\node-gyp-bin;F:\www\myStudy\跟着胖哥学Vue\2 Webpack\07-webpack实现es6转es5语法\node_modules\.bin;C:\Windows\cmder_mini\bin;C:\Windows\cmder_mini\vendor\msysgit\bin;C:\Windows\cmder_mini\vendor\msysgit\mingw\bin;C:\Windows\cmder_mini\vendor\msysgit\cmd;C:\Windows\cmder_mini\vendor\msysgit\share\vim\vim74;C:\Windows\cmder_mini;C:\Windows\cmder_mini\vendor\conemu-maximus5\ConEmu;C:\Windows\cmder_mini\vendor\conemu-maximus5;C:\Program Files (x86)\Java\jdk1.8.0_101\bin;C:\Program Files (x86)\Java\jdk1.8.0_101\jre\bin;C:\Windows\system32;C:\Windows;C:\Windows\System32\Wbem;C:\Windows\System32\WindowsPowerShell\v1.0\;C:\Program Files\Git\cmd;C:\Program Files (x86)\MySQL\MySQL Server 5.0\bin;C:\Program Files\nodejs\;C:\Users\F_main\AppData\Local\Microsoft\WindowsApps;C:\Users\F_main\AppData\Roaming\npm
10 verbose lifecycle webpackcss@1.0.0~dev: CWD: F:\www\myStudy\跟着胖哥学Vue\2 Webpack\07-webpack实现es6转es5语法
11 silly lifecycle webpackcss@1.0.0~dev: Args: [ '/d /s /c', 'node build/dev-server.js' ]
12 silly lifecycle webpackcss@1.0.0~dev: Returned: code: 1  signal: null
13 info lifecycle webpackcss@1.0.0~dev: Failed to exec dev script
14 verbose stack Error: webpackcss@1.0.0 dev: `node build/dev-server.js`
14 verbose stack Exit status 1
14 verbose stack     at EventEmitter.<anonymous> (C:\Program Files\nodejs\node_modules\npm\lib\utils\lifecycle.js:255:16)
14 verbose stack     at emitTwo (events.js:106:13)
14 verbose stack     at EventEmitter.emit (events.js:191:7)
14 verbose stack     at ChildProcess.<anonymous> (C:\Program Files\nodejs\node_modules\npm\lib\utils\spawn.js:40:14)
14 verbose stack     at emitTwo (events.js:106:13)
14 verbose stack     at ChildProcess.emit (events.js:191:7)
14 verbose stack     at maybeClose (internal/child_process.js:886:16)
14 verbose stack     at Process.ChildProcess._handle.onexit (internal/child_process.js:226:5)
15 verbose pkgid webpackcss@1.0.0
16 verbose cwd F:\www\myStudy\跟着胖哥学Vue\2 Webpack\07-webpack实现es6转es5语法
17 error Windows_NT 10.0.15063
18 error argv "C:\\Program Files\\nodejs\\node.exe" "C:\\Program Files\\nodejs\\node_modules\\npm\\bin\\npm-cli.js" "run" "dev"
19 error node v6.10.3
20 error npm  v3.10.10
21 error code ELIFECYCLE
22 error webpackcss@1.0.0 dev: `node build/dev-server.js`
22 error Exit status 1
23 error Failed at the webpackcss@1.0.0 dev script 'node build/dev-server.js'.
23 error Make sure you have the latest version of node.js and npm installed.
23 error If you do, this is most likely a problem with the webpackcss package,
23 error not with npm itself.
23 error Tell the author that this fails on your system:
23 error     node build/dev-server.js
23 error You can get information on how to open an issue for this project with:
23 error     npm bugs webpackcss
23 error Or if that isn't available, you can get their info via:
23 error     npm owner ls webpackcss
23 error There is likely additional logging output above.
24 verbose exit [ 1, true ]
